[debug] [2025-07-29T22:58:19.226Z] ----------------------------------------------------------------------
[debug] [2025-07-29T22:58:19.267Z] Command:       /nix/store/ws50yvm6vzlzf7jzz6n7xh4szddrack1-nodejs-20.19.1/bin/node /nix/store/gv0i9ndcpzjpfi2yr06402kzy90q51ki-firebase-tools-14.10.1/lib/node_modules/firebase-tools/lib/bin/firebase.js deploy --only hosting
[debug] [2025-07-29T22:58:19.270Z] CLI Version:   14.10.1
[debug] [2025-07-29T22:58:19.271Z] Platform:      linux
[debug] [2025-07-29T22:58:19.271Z] Node Version:  v20.19.1
[debug] [2025-07-29T22:58:19.271Z] Time:          Tue Jul 29 2025 22:58:19 GMT+0000 (Coordinated Universal Time)
[debug] [2025-07-29T22:58:19.272Z] ----------------------------------------------------------------------
[debug] 
[debug] [2025-07-29T22:58:21.361Z] > command requires scopes: ["email","openid","https://www.googleapis.com/auth/cloudplatformprojects.readonly","https://www.googleapis.com/auth/firebase","https://www.googleapis.com/auth/cloud-platform"]
[debug] [2025-07-29T22:58:34.078Z] Running auto auth
[debug] [2025-07-29T22:58:34.153Z] [iam] checking project tasia-6f77i for permissions ["firebase.projects.get","firebasehosting.sites.update"]
[debug] [2025-07-29T22:58:34.171Z] No OAuth tokens found
[debug] [2025-07-29T22:58:34.181Z] >>> [apiv2][query] POST https://cloudresourcemanager.googleapis.com/v1/projects/tasia-6f77i:testIamPermissions [none]
[debug] [2025-07-29T22:58:34.182Z] >>> [apiv2][(partial)header] POST https://cloudresourcemanager.googleapis.com/v1/projects/tasia-6f77i:testIamPermissions x-goog-quota-user=projects/tasia-6f77i
[debug] [2025-07-29T22:58:34.182Z] >>> [apiv2][body] POST https://cloudresourcemanager.googleapis.com/v1/projects/tasia-6f77i:testIamPermissions {"permissions":["firebase.projects.get","firebasehosting.sites.update"]}
[debug] [2025-07-29T22:58:35.309Z] <<< [apiv2][status] POST https://cloudresourcemanager.googleapis.com/v1/projects/tasia-6f77i:testIamPermissions 200
[debug] [2025-07-29T22:58:35.311Z] <<< [apiv2][body] POST https://cloudresourcemanager.googleapis.com/v1/projects/tasia-6f77i:testIamPermissions {"permissions":["firebase.projects.get","firebasehosting.sites.update"]}
[debug] [2025-07-29T22:58:35.316Z] No OAuth tokens found
[debug] [2025-07-29T22:58:35.326Z] >>> [apiv2][query] GET https://firebase.googleapis.com/v1beta1/projects/tasia-6f77i [none]
[debug] [2025-07-29T22:58:35.668Z] <<< [apiv2][status] GET https://firebase.googleapis.com/v1beta1/projects/tasia-6f77i 200
[debug] [2025-07-29T22:58:35.669Z] <<< [apiv2][body] GET https://firebase.googleapis.com/v1beta1/projects/tasia-6f77i {"projectId":"tasia-6f77i","projectNumber":"204877276202","displayName":"TASIA-6f77i","name":"projects/tasia-6f77i","resources":{"hostingSite":"tasia-6f77i"},"state":"ACTIVE","etag":"1_c0315862-9edb-45c1-ba59-ee377ea211ed"}
[debug] [2025-07-29T22:59:01.897Z] defaultcredentials: no credential available.
[debug] [2025-07-29T22:59:01.899Z] No OAuth tokens found
[debug] [2025-07-29T22:59:01.900Z] >>> [apiv2][query] GET https://firebasehosting.googleapis.com/v1beta1/projects/tasia-6f77i/sites pageToken=&pageSize=10
[debug] [2025-07-29T22:59:02.898Z] <<< [apiv2][status] GET https://firebasehosting.googleapis.com/v1beta1/projects/tasia-6f77i/sites 200
[debug] [2025-07-29T22:59:02.908Z] <<< [apiv2][body] GET https://firebasehosting.googleapis.com/v1beta1/projects/tasia-6f77i/sites {"sites":[{"name":"projects/tasia-6f77i/sites/tasia-6f77i","defaultUrl":"https://tasia-6f77i.web.app","appId":"1:204877276202:web:31db4eb5b1c1b7c4078f53","type":"DEFAULT_SITE"}]}
[debug] [2025-07-29T22:59:02.914Z] No OAuth tokens found
[debug] [2025-07-29T22:59:02.914Z] >>> [apiv2][query] GET https://firebase.googleapis.com/v1beta1/projects/-/webApps/1:204877276202:web:31db4eb5b1c1b7c4078f53/config [none]
[debug] [2025-07-29T22:59:03.573Z] <<< [apiv2][status] GET https://firebase.googleapis.com/v1beta1/projects/-/webApps/1:204877276202:web:31db4eb5b1c1b7c4078f53/config 200
[debug] [2025-07-29T22:59:03.578Z] <<< [apiv2][body] GET https://firebase.googleapis.com/v1beta1/projects/-/webApps/1:204877276202:web:31db4eb5b1c1b7c4078f53/config {"projectId":"tasia-6f77i","appId":"1:204877276202:web:31db4eb5b1c1b7c4078f53","storageBucket":"tasia-6f77i.firebasestorage.app","apiKey":"***REMOVED***","authDomain":"tasia-6f77i.firebaseapp.com","messagingSenderId":"204877276202"}
[info] 
   Thank you for trying our early preview of Next.js support on Firebase Hosting.
   During the preview, support is best-effort and breaking changes can be expected. Proceed with caution.

   Documentation: https://firebase.google.com/docs/hosting/frameworks/nextjs
   File a bug: https://github.com/firebase/firebase-tools/issues/new?template=bug_report.md
   Submit a feature request: https://github.com/firebase/firebase-tools/issues/new?template=feature_request.md

   We'd love to learn from you. Express your interest in helping us shape the future of Firebase Hosting: https://goo.gle/41enW5X

[debug] [2025-07-29T22:59:40.951Z] No OAuth tokens found
[debug] [2025-07-29T22:59:40.952Z] >>> [apiv2][query] GET https://firebasehosting.googleapis.com/v1beta1/projects/tasia-6f77i/sites/tasia-6f77i [none]
[debug] [2025-07-29T22:59:41.833Z] <<< [apiv2][status] GET https://firebasehosting.googleapis.com/v1beta1/projects/tasia-6f77i/sites/tasia-6f77i 200
[debug] [2025-07-29T22:59:41.836Z] <<< [apiv2][body] GET https://firebasehosting.googleapis.com/v1beta1/projects/tasia-6f77i/sites/tasia-6f77i {"name":"projects/tasia-6f77i/sites/tasia-6f77i","defaultUrl":"https://tasia-6f77i.web.app","appId":"1:204877276202:web:31db4eb5b1c1b7c4078f53","type":"DEFAULT_SITE"}
[info]   ▲ Next.js 14.2.5
  - Environments: ***REMOVED***.local, ***REMOVED***


[info]    Creating an optimized production build ...

[info] Failed to compile.


[info] ./src/components/floors/FloorPlanViewer.tsx
Module not found: Can't resolve '@react-pdf-viewer/core'

https://nextjs.org/docs/messages/module-not-found

Import trace for requested module:
./src/components/floors/FloorPlanCard.tsx
./src/components/floors/FloorDetailsContainer.tsx
./src/app/floors/[id]/page.tsx

./src/components/floors/FloorPlanViewer.tsx
Module not found: Can't resolve '@react-pdf-viewer/default-layout'

https://nextjs.org/docs/messages/module-not-found

Import trace for requested module:
./src/components/floors/FloorPlanCard.tsx
./src/components/floors/FloorDetailsContainer.tsx
./src/app/floors/[id]/page.tsx

./src/components/floors/FloorPlanViewer.tsx
Module not found: Can't resolve '@react-pdf-viewer/core/lib/styles/index.css'

https://nextjs.org/docs/messages/module-not-found

Import trace for requested module:
./src/components/floors/FloorPlanCard.tsx
./src/components/floors/FloorDetailsContainer.tsx
./src/app/floors/[id]/page.tsx

./src/components/floors/FloorPlanViewer.tsx
Module not found: Can't resolve '@react-pdf-viewer/default-layout/lib/styles/index.css'

https://nextjs.org/docs/messages/module-not-found

Import trace for requested module:
./src/components/floors/FloorPlanCard.tsx
./src/components/floors/FloorDetailsContainer.tsx
./src/app/floors/[id]/page.tsx


[info] 
> Build failed because of webpack errors

[debug] [2025-07-29T23:01:57.961Z] Error: ENOENT: no such file or directory, open '/home/user/studio/.next/server/middleware-manifest.json'
[error] 
[error] Error: An unexpected error has occurred.
